<?xml version="1.0" encoding="UTF-8"?>
<!-- Generated by org.testng.reporters.JUnitReportReporter -->
<testsuite hostname="ITEM-S89205" failures="0" tests="1" name="com.ebanking.TestCases.TC_LoginTest_001" time="2.798" errors="0" timestamp="2020-12-17T16:17:59 CET" skipped="0">
  <testcase classname="com.ebanking.TestCases.TC_LoginTest_001" name="loginTest" time="2.798"/>
  <system-out/>
</testsuite> <!-- com.ebanking.TestCases.TC_LoginTest_001 -->
